
=== Mon Mar  9 15:41:41 2020

Packages were changed.
Update Mode: updateDependencies

The following packages were updated:
  com.unity.ide.vscode from version 1.1.3 to 1.1.4
  com.unity.test-framework from version 1.1.3 to 1.1.11

=== Fri May 29 15:28:03 2020

Packages were changed.
Update Mode: updateDependencies

The following packages were updated:
  com.unity.ide.vscode from version 1.1.4 to 1.2.0
  com.unity.test-framework from version 1.1.11 to 1.1.14

=== Thu Nov  5 12:06:44 2020

Packages were changed.
Update Mode: updateDependencies

The following packages were added:
  com.unity.ide.visualstudio@2.0.3
The following packages were updated:
  com.unity.ide.rider from version 1.1.4 to 1.2.1
  com.unity.ide.vscode from version 1.2.0 to 1.2.2
  com.unity.test-framework from version 1.1.14 to 1.1.18
  com.unity.textmeshpro from version 2.0.1 to 3.0.1
